<?xml version="1.0" encoding="UTF-8"?>
<coverage generated="1615931811653" clover="3.2.0">
  <project timestamp="1615931811654" name="All files">
    <metrics statements="38" coveredstatements="32" conditionals="10" coveredconditionals="7" methods="14" coveredmethods="10" elements="62" coveredelements="49" complexity="0" loc="38" ncloc="38" packages="5" files="16" classes="16"/>
    <package name="src">
      <metrics statements="4" coveredstatements="4" conditionals="2" coveredconditionals="2" methods="2" coveredmethods="2"/>
      <file name="App.js" path="/Users/mortega/_MORTEGA_/_CODE/PRUEBAS_TECNICAS/test-project-ria/src/App.js">
        <metrics statements="2" coveredstatements="2" conditionals="0" coveredconditionals="0" methods="1" coveredmethods="1"/>
        <line num="7" count="2" type="stmt"/>
        <line num="8" count="3" type="stmt"/>
      </file>
      <file name="Routes.js" path="/Users/mortega/_MORTEGA_/_CODE/PRUEBAS_TECNICAS/test-project-ria/src/Routes.js">
        <metrics statements="2" coveredstatements="2" conditionals="0" coveredconditionals="0" methods="1" coveredmethods="1"/>
        <line num="9" count="2" type="stmt"/>
        <line num="10" count="1" type="stmt"/>
      </file>
      <file name="index.js" path="/Users/mortega/_MORTEGA_/_CODE/PRUEBAS_TECNICAS/test-project-ria/src/index.js">
        <metrics statements="0" coveredstatements="0" conditionals="2" coveredconditionals="2" methods="0" coveredmethods="0"/>
      </file>
    </package>
    <package name="src.components">
      <metrics statements="13" coveredstatements="13" conditionals="0" coveredconditionals="0" methods="5" coveredmethods="5"/>
      <file name="Amount.js" path="/Users/mortega/_MORTEGA_/_CODE/PRUEBAS_TECNICAS/test-project-ria/src/components/Amount.js">
        <metrics statements="2" coveredstatements="2" conditionals="0" coveredconditionals="0" methods="1" coveredmethods="1"/>
        <line num="2" count="4" type="stmt"/>
        <line num="4" count="1" type="stmt"/>
      </file>
      <file name="Containner.js" path="/Users/mortega/_MORTEGA_/_CODE/PRUEBAS_TECNICAS/test-project-ria/src/components/Containner.js">
        <metrics statements="3" coveredstatements="3" conditionals="0" coveredconditionals="0" methods="1" coveredmethods="1"/>
        <line num="4" count="4" type="stmt"/>
        <line num="6" count="1" type="stmt"/>
        <line num="13" count="4" type="stmt"/>
      </file>
      <file name="NavLinkUrl.js" path="/Users/mortega/_MORTEGA_/_CODE/PRUEBAS_TECNICAS/test-project-ria/src/components/NavLinkUrl.js">
        <metrics statements="3" coveredstatements="3" conditionals="0" coveredconditionals="0" methods="1" coveredmethods="1"/>
        <line num="5" count="5" type="stmt"/>
        <line num="6" count="2" type="stmt"/>
        <line num="17" count="5" type="stmt"/>
      </file>
      <file name="Navbar.js" path="/Users/mortega/_MORTEGA_/_CODE/PRUEBAS_TECNICAS/test-project-ria/src/components/Navbar.js">
        <metrics statements="2" coveredstatements="2" conditionals="0" coveredconditionals="0" methods="1" coveredmethods="1"/>
        <line num="4" count="4" type="stmt"/>
        <line num="6" count="1" type="stmt"/>
      </file>
      <file name="layout.js" path="/Users/mortega/_MORTEGA_/_CODE/PRUEBAS_TECNICAS/test-project-ria/src/components/layout.js">
        <metrics statements="3" coveredstatements="3" conditionals="0" coveredconditionals="0" methods="1" coveredmethods="1"/>
        <line num="7" count="3" type="stmt"/>
        <line num="9" count="3" type="stmt"/>
        <line num="21" count="3" type="stmt"/>
      </file>
    </package>
    <package name="src.pages">
      <metrics statements="6" coveredstatements="4" conditionals="0" coveredconditionals="0" methods="3" coveredmethods="1"/>
      <file name="ChartsPage.js" path="/Users/mortega/_MORTEGA_/_CODE/PRUEBAS_TECNICAS/test-project-ria/src/pages/ChartsPage.js">
        <metrics statements="2" coveredstatements="1" conditionals="0" coveredconditionals="0" methods="1" coveredmethods="0"/>
        <line num="2" count="3" type="stmt"/>
        <line num="4" count="0" type="stmt"/>
      </file>
      <file name="EmptyPage.js" path="/Users/mortega/_MORTEGA_/_CODE/PRUEBAS_TECNICAS/test-project-ria/src/pages/EmptyPage.js">
        <metrics statements="2" coveredstatements="1" conditionals="0" coveredconditionals="0" methods="1" coveredmethods="0"/>
        <line num="2" count="3" type="stmt"/>
        <line num="4" count="0" type="stmt"/>
      </file>
      <file name="RatesPage.js" path="/Users/mortega/_MORTEGA_/_CODE/PRUEBAS_TECNICAS/test-project-ria/src/pages/RatesPage.js">
        <metrics statements="2" coveredstatements="2" conditionals="0" coveredconditionals="0" methods="1" coveredmethods="1"/>
        <line num="2" count="3" type="stmt"/>
        <line num="4" count="1" type="stmt"/>
      </file>
    </package>
    <package name="src.store">
      <metrics statements="5" coveredstatements="5" conditionals="4" coveredconditionals="3" methods="1" coveredmethods="1"/>
      <file name="index.js" path="/Users/mortega/_MORTEGA_/_CODE/PRUEBAS_TECNICAS/test-project-ria/src/store/index.js">
        <metrics statements="4" coveredstatements="4" conditionals="4" coveredconditionals="3" methods="0" coveredmethods="0"/>
        <line num="11" count="1" type="stmt"/>
        <line num="13" count="1" type="cond" truecount="1" falsecount="1"/>
        <line num="15" count="1" type="cond" truecount="2" falsecount="0"/>
        <line num="18" count="1" type="stmt"/>
      </file>
      <file name="reducers.js" path="/Users/mortega/_MORTEGA_/_CODE/PRUEBAS_TECNICAS/test-project-ria/src/store/reducers.js">
        <metrics statements="1" coveredstatements="1" conditionals="0" coveredconditionals="0" methods="1" coveredmethods="1"/>
        <line num="9" count="1" type="stmt"/>
      </file>
    </package>
    <package name="src.store.loading">
      <metrics statements="10" coveredstatements="6" conditionals="4" coveredconditionals="2" methods="3" coveredmethods="1"/>
      <file name="actions.js" path="/Users/mortega/_MORTEGA_/_CODE/PRUEBAS_TECNICAS/test-project-ria/src/store/loading/actions.js">
        <metrics statements="2" coveredstatements="0" conditionals="0" coveredconditionals="0" methods="2" coveredmethods="0"/>
        <line num="3" count="0" type="stmt"/>
        <line num="8" count="0" type="stmt"/>
      </file>
      <file name="constants.js" path="/Users/mortega/_MORTEGA_/_CODE/PRUEBAS_TECNICAS/test-project-ria/src/store/loading/constants.js">
        <metrics statements="2" coveredstatements="2" conditionals="0" coveredconditionals="0" methods="0" coveredmethods="0"/>
        <line num="1" count="1" type="stmt"/>
        <line num="2" count="1" type="stmt"/>
      </file>
      <file name="reducer.js" path="/Users/mortega/_MORTEGA_/_CODE/PRUEBAS_TECNICAS/test-project-ria/src/store/loading/reducer.js">
        <metrics statements="6" coveredstatements="4" conditionals="4" coveredconditionals="2" methods="1" coveredmethods="1"/>
        <line num="6" count="1" type="stmt"/>
        <line num="11" count="1" type="cond" truecount="1" falsecount="0"/>
        <line num="12" count="3" type="cond" truecount="1" falsecount="2"/>
        <line num="15" count="0" type="stmt"/>
        <line num="18" count="0" type="stmt"/>
        <line num="21" count="3" type="stmt"/>
      </file>
    </package>
  </project>
</coverage>
