{"/Users/mortega/_MORTEGA_/_CODE/PRUEBAS_TECNICAS/test-project-ria/src/App.js": {"path":"/Users/mortega/_MORTEGA_/_CODE/PRUEBAS_TECNICAS/test-project-ria/src/App.js","statementMap":{"0":{"start":{"line":7,"column":12},"end":{"line":15,"column":1}},"1":{"start":{"line":8,"column":2},"end":{"line":14,"column":3}}},"fnMap":{"0":{"name":"(anonymous_0)","decl":{"start":{"line":7,"column":12},"end":{"line":7,"column":13}},"loc":{"start":{"line":7,"column":18},"end":{"line":15,"column":1}},"line":7}},"branchMap":{},"s":{"0":2,"1":3},"f":{"0":3},"b":{},"_coverageSchema":"1a1c01bbd47fc00a2c39e90264f33305004495a9","hash":"14cde5e28bc5b3349d68d691ccd24158e20ba6ea"}
,"/Users/mortega/_MORTEGA_/_CODE/PRUEBAS_TECNICAS/test-project-ria/src/Routes.js": {"path":"/Users/mortega/_MORTEGA_/_CODE/PRUEBAS_TECNICAS/test-project-ria/src/Routes.js","statementMap":{"0":{"start":{"line":9,"column":15},"end":{"line":17,"column":1}},"1":{"start":{"line":10,"column":2},"end":{"line":16,"column":3}}},"fnMap":{"0":{"name":"(anonymous_0)","decl":{"start":{"line":9,"column":15},"end":{"line":9,"column":16}},"loc":{"start":{"line":9,"column":21},"end":{"line":17,"column":1}},"line":9}},"branchMap":{},"s":{"0":2,"1":1},"f":{"0":1},"b":{},"_coverageSchema":"1a1c01bbd47fc00a2c39e90264f33305004495a9","hash":"ba059c045cd23643c7a73bff58d12126efefd1be"}
,"/Users/mortega/_MORTEGA_/_CODE/PRUEBAS_TECNICAS/test-project-ria/src/index.js": {"path":"/Users/mortega/_MORTEGA_/_CODE/PRUEBAS_TECNICAS/test-project-ria/src/index.js","statementMap":{},"fnMap":{},"branchMap":{"0":{"loc":{"start":{"line":20,"column":3},"end":{"line":20,"column":67}},"type":"binary-expr","locations":[{"start":{"line":20,"column":3},"end":{"line":20,"column":34}},{"start":{"line":20,"column":38},"end":{"line":20,"column":67}}],"line":20}},"s":{},"f":{},"b":{"0":[1,1]},"_coverageSchema":"1a1c01bbd47fc00a2c39e90264f33305004495a9","hash":"45b46b86673ffe12f4ef538b7155ad10ce6be3c2"}
,"/Users/mortega/_MORTEGA_/_CODE/PRUEBAS_TECNICAS/test-project-ria/src/components/Amount.js": {"path":"/Users/mortega/_MORTEGA_/_CODE/PRUEBAS_TECNICAS/test-project-ria/src/components/Amount.js","statementMap":{"0":{"start":{"line":2,"column":15},"end":{"line":24,"column":1}},"1":{"start":{"line":4,"column":1},"end":{"line":23,"column":2}}},"fnMap":{"0":{"name":"(anonymous_0)","decl":{"start":{"line":2,"column":15},"end":{"line":2,"column":16}},"loc":{"start":{"line":2,"column":19},"end":{"line":24,"column":1}},"line":2}},"branchMap":{},"s":{"0":4,"1":1},"f":{"0":1},"b":{},"_coverageSchema":"1a1c01bbd47fc00a2c39e90264f33305004495a9","hash":"4b92bcc8d033f525d203e128b5a303b27a796d2e"}
,"/Users/mortega/_MORTEGA_/_CODE/PRUEBAS_TECNICAS/test-project-ria/src/components/Containner.js": {"path":"/Users/mortega/_MORTEGA_/_CODE/PRUEBAS_TECNICAS/test-project-ria/src/components/Containner.js","statementMap":{"0":{"start":{"line":4,"column":19},"end":{"line":11,"column":1}},"1":{"start":{"line":6,"column":1},"end":{"line":10,"column":2}},"2":{"start":{"line":13,"column":0},"end":{"line":15,"column":1}}},"fnMap":{"0":{"name":"(anonymous_0)","decl":{"start":{"line":4,"column":19},"end":{"line":4,"column":20}},"loc":{"start":{"line":4,"column":34},"end":{"line":11,"column":1}},"line":4}},"branchMap":{},"s":{"0":4,"1":1,"2":4},"f":{"0":1},"b":{},"_coverageSchema":"1a1c01bbd47fc00a2c39e90264f33305004495a9","hash":"be1b42c4195e75fcd0563f895d9a55fb056acf62"}
,"/Users/mortega/_MORTEGA_/_CODE/PRUEBAS_TECNICAS/test-project-ria/src/components/NavLinkUrl.js": {"path":"/Users/mortega/_MORTEGA_/_CODE/PRUEBAS_TECNICAS/test-project-ria/src/components/NavLinkUrl.js","statementMap":{"0":{"start":{"line":5,"column":19},"end":{"line":15,"column":2}},"1":{"start":{"line":6,"column":2},"end":{"line":14,"column":12}},"2":{"start":{"line":17,"column":1},"end":{"line":21,"column":2}}},"fnMap":{"0":{"name":"(anonymous_0)","decl":{"start":{"line":5,"column":19},"end":{"line":5,"column":20}},"loc":{"start":{"line":6,"column":2},"end":{"line":14,"column":12}},"line":6}},"branchMap":{},"s":{"0":5,"1":2,"2":5},"f":{"0":2},"b":{},"_coverageSchema":"1a1c01bbd47fc00a2c39e90264f33305004495a9","hash":"e8bd399a6b5ae273340ede8ce064f5246fa0e419"}
,"/Users/mortega/_MORTEGA_/_CODE/PRUEBAS_TECNICAS/test-project-ria/src/components/Navbar.js": {"path":"/Users/mortega/_MORTEGA_/_CODE/PRUEBAS_TECNICAS/test-project-ria/src/components/Navbar.js","statementMap":{"0":{"start":{"line":4,"column":15},"end":{"line":17,"column":1}},"1":{"start":{"line":6,"column":1},"end":{"line":16,"column":2}}},"fnMap":{"0":{"name":"(anonymous_0)","decl":{"start":{"line":4,"column":15},"end":{"line":4,"column":16}},"loc":{"start":{"line":4,"column":20},"end":{"line":17,"column":1}},"line":4}},"branchMap":{},"s":{"0":4,"1":1},"f":{"0":1},"b":{},"_coverageSchema":"1a1c01bbd47fc00a2c39e90264f33305004495a9","hash":"1d1644d264f04fe80bc5b9752f553092c453e493"}
,"/Users/mortega/_MORTEGA_/_CODE/PRUEBAS_TECNICAS/test-project-ria/src/components/layout.js": {"path":"/Users/mortega/_MORTEGA_/_CODE/PRUEBAS_TECNICAS/test-project-ria/src/components/layout.js","statementMap":{"0":{"start":{"line":7,"column":15},"end":{"line":19,"column":1}},"1":{"start":{"line":9,"column":1},"end":{"line":17,"column":2}},"2":{"start":{"line":21,"column":0},"end":{"line":23,"column":1}}},"fnMap":{"0":{"name":"(anonymous_0)","decl":{"start":{"line":7,"column":15},"end":{"line":7,"column":16}},"loc":{"start":{"line":7,"column":31},"end":{"line":19,"column":1}},"line":7}},"branchMap":{},"s":{"0":3,"1":3,"2":3},"f":{"0":3},"b":{},"_coverageSchema":"1a1c01bbd47fc00a2c39e90264f33305004495a9","hash":"8c2dadb6ee411b5df255ad6043aebe58f7cfa318"}
,"/Users/mortega/_MORTEGA_/_CODE/PRUEBAS_TECNICAS/test-project-ria/src/pages/ChartsPage.js": {"path":"/Users/mortega/_MORTEGA_/_CODE/PRUEBAS_TECNICAS/test-project-ria/src/pages/ChartsPage.js","statementMap":{"0":{"start":{"line":2,"column":19},"end":{"line":19,"column":1}},"1":{"start":{"line":4,"column":1},"end":{"line":18,"column":2}}},"fnMap":{"0":{"name":"(anonymous_0)","decl":{"start":{"line":2,"column":19},"end":{"line":2,"column":20}},"loc":{"start":{"line":2,"column":23},"end":{"line":19,"column":1}},"line":2}},"branchMap":{},"s":{"0":3,"1":0},"f":{"0":0},"b":{},"_coverageSchema":"1a1c01bbd47fc00a2c39e90264f33305004495a9","hash":"1c372660f722cfaa561fb1d576a3400ca6fabe08"}
,"/Users/mortega/_MORTEGA_/_CODE/PRUEBAS_TECNICAS/test-project-ria/src/pages/EmptyPage.js": {"path":"/Users/mortega/_MORTEGA_/_CODE/PRUEBAS_TECNICAS/test-project-ria/src/pages/EmptyPage.js","statementMap":{"0":{"start":{"line":2,"column":18},"end":{"line":7,"column":1}},"1":{"start":{"line":4,"column":1},"end":{"line":6,"column":2}}},"fnMap":{"0":{"name":"(anonymous_0)","decl":{"start":{"line":2,"column":18},"end":{"line":2,"column":19}},"loc":{"start":{"line":2,"column":22},"end":{"line":7,"column":1}},"line":2}},"branchMap":{},"s":{"0":3,"1":0},"f":{"0":0},"b":{},"_coverageSchema":"1a1c01bbd47fc00a2c39e90264f33305004495a9","hash":"091f1775a466f62085707a1b30c797269b164ae7"}
,"/Users/mortega/_MORTEGA_/_CODE/PRUEBAS_TECNICAS/test-project-ria/src/pages/RatesPage.js": {"path":"/Users/mortega/_MORTEGA_/_CODE/PRUEBAS_TECNICAS/test-project-ria/src/pages/RatesPage.js","statementMap":{"0":{"start":{"line":2,"column":18},"end":{"line":21,"column":1}},"1":{"start":{"line":4,"column":1},"end":{"line":20,"column":2}}},"fnMap":{"0":{"name":"(anonymous_0)","decl":{"start":{"line":2,"column":18},"end":{"line":2,"column":19}},"loc":{"start":{"line":2,"column":22},"end":{"line":21,"column":1}},"line":2}},"branchMap":{},"s":{"0":3,"1":1},"f":{"0":1},"b":{},"_coverageSchema":"1a1c01bbd47fc00a2c39e90264f33305004495a9","hash":"48a06cfd1eed5d212120e0183893e9132dc6a6f2"}
,"/Users/mortega/_MORTEGA_/_CODE/PRUEBAS_TECNICAS/test-project-ria/src/store/index.js": {"path":"/Users/mortega/_MORTEGA_/_CODE/PRUEBAS_TECNICAS/test-project-ria/src/store/index.js","statementMap":{"0":{"start":{"line":11,"column":20},"end":{"line":11,"column":28}},"1":{"start":{"line":13,"column":0},"end":{"line":13,"column":67}},"2":{"start":{"line":15,"column":25},"end":{"line":15,"column":79}},"3":{"start":{"line":18,"column":20},"end":{"line":22,"column":5}}},"fnMap":{},"branchMap":{"0":{"loc":{"start":{"line":13,"column":0},"end":{"line":13,"column":66}},"type":"binary-expr","locations":[{"start":{"line":13,"column":0},"end":{"line":13,"column":38}},{"start":{"line":13,"column":42},"end":{"line":13,"column":66}}],"line":13},"1":{"loc":{"start":{"line":15,"column":25},"end":{"line":15,"column":79}},"type":"binary-expr","locations":[{"start":{"line":15,"column":25},"end":{"line":15,"column":68}},{"start":{"line":15,"column":72},"end":{"line":15,"column":79}}],"line":15}},"s":{"0":1,"1":1,"2":1,"3":1},"f":{},"b":{"0":[1,0],"1":[1,1]},"_coverageSchema":"1a1c01bbd47fc00a2c39e90264f33305004495a9","hash":"a281daf4bb40f7bd2d8c65b17f8418cc87961fac"}
,"/Users/mortega/_MORTEGA_/_CODE/PRUEBAS_TECNICAS/test-project-ria/src/store/reducers.js": {"path":"/Users/mortega/_MORTEGA_/_CODE/PRUEBAS_TECNICAS/test-project-ria/src/store/reducers.js","statementMap":{"0":{"start":{"line":9,"column":24},"end":{"line":11,"column":2}},"1":{"start":{"line":9,"column":31},"end":{"line":11,"column":1}}},"fnMap":{"0":{"name":"(anonymous_0)","decl":{"start":{"line":9,"column":24},"end":{"line":9,"column":25}},"loc":{"start":{"line":9,"column":31},"end":{"line":11,"column":1}},"line":9}},"branchMap":{},"s":{"0":1,"1":1},"f":{"0":1},"b":{},"_coverageSchema":"1a1c01bbd47fc00a2c39e90264f33305004495a9","hash":"a638594a13b3f887cd8b1b0e0f97e099a12b06fb"}
,"/Users/mortega/_MORTEGA_/_CODE/PRUEBAS_TECNICAS/test-project-ria/src/store/loading/actions.js": {"path":"/Users/mortega/_MORTEGA_/_CODE/PRUEBAS_TECNICAS/test-project-ria/src/store/loading/actions.js","statementMap":{"0":{"start":{"line":3,"column":21},"end":{"line":6,"column":2}},"1":{"start":{"line":3,"column":33},"end":{"line":6,"column":1}},"2":{"start":{"line":8,"column":24},"end":{"line":11,"column":2}},"3":{"start":{"line":8,"column":36},"end":{"line":11,"column":1}}},"fnMap":{"0":{"name":"(anonymous_0)","decl":{"start":{"line":3,"column":21},"end":{"line":3,"column":22}},"loc":{"start":{"line":3,"column":33},"end":{"line":6,"column":1}},"line":3},"1":{"name":"(anonymous_1)","decl":{"start":{"line":8,"column":24},"end":{"line":8,"column":25}},"loc":{"start":{"line":8,"column":36},"end":{"line":11,"column":1}},"line":8}},"branchMap":{},"s":{"0":0,"1":0,"2":0,"3":0},"f":{"0":0,"1":0},"b":{}}
,"/Users/mortega/_MORTEGA_/_CODE/PRUEBAS_TECNICAS/test-project-ria/src/store/loading/constants.js": {"path":"/Users/mortega/_MORTEGA_/_CODE/PRUEBAS_TECNICAS/test-project-ria/src/store/loading/constants.js","statementMap":{"0":{"start":{"line":1,"column":29},"end":{"line":1,"column":44}},"1":{"start":{"line":2,"column":32},"end":{"line":2,"column":50}}},"fnMap":{},"branchMap":{},"s":{"0":1,"1":1},"f":{},"b":{},"_coverageSchema":"1a1c01bbd47fc00a2c39e90264f33305004495a9","hash":"49b7819eecba5321da2f6e8680847fdbcee197ff"}
,"/Users/mortega/_MORTEGA_/_CODE/PRUEBAS_TECNICAS/test-project-ria/src/store/loading/reducer.js": {"path":"/Users/mortega/_MORTEGA_/_CODE/PRUEBAS_TECNICAS/test-project-ria/src/store/loading/reducer.js","statementMap":{"0":{"start":{"line":6,"column":19},"end":{"line":9,"column":1}},"1":{"start":{"line":11,"column":31},"end":{"line":23,"column":1}},"2":{"start":{"line":12,"column":2},"end":{"line":22,"column":3}},"3":{"start":{"line":15,"column":6},"end":{"line":15,"column":51}},"4":{"start":{"line":18,"column":6},"end":{"line":18,"column":52}},"5":{"start":{"line":21,"column":6},"end":{"line":21,"column":19}}},"fnMap":{"0":{"name":"(anonymous_0)","decl":{"start":{"line":11,"column":31},"end":{"line":11,"column":32}},"loc":{"start":{"line":11,"column":65},"end":{"line":23,"column":1}},"line":11}},"branchMap":{"0":{"loc":{"start":{"line":11,"column":32},"end":{"line":11,"column":52}},"type":"default-arg","locations":[{"start":{"line":11,"column":40},"end":{"line":11,"column":52}}],"line":11},"1":{"loc":{"start":{"line":12,"column":2},"end":{"line":22,"column":3}},"type":"switch","locations":[{"start":{"line":14,"column":4},"end":{"line":15,"column":51}},{"start":{"line":17,"column":4},"end":{"line":18,"column":52}},{"start":{"line":20,"column":4},"end":{"line":21,"column":19}}],"line":12}},"s":{"0":1,"1":1,"2":3,"3":0,"4":0,"5":3},"f":{"0":3},"b":{"0":[3],"1":[0,0,3]},"_coverageSchema":"1a1c01bbd47fc00a2c39e90264f33305004495a9","hash":"3141f2de807cd2d49aa41cd441ffed0ee11998c3"}
}
